<?xml version="1.0" encoding="UTF-8"?>
<!-- Generated by org.testng.reporters.JUnitReportReporter -->
<testsuite hostname="DESKTOP-PB1D5VB" failures="0" tests="2" name="com.banking.onlinebanking.practice.SoftAsser" time="40.599" errors="0" timestamp="2023-08-09T12:46:20 IST" skipped="0">
  <testcase classname="com.banking.onlinebanking.practice.SoftAsser" name="myvalidation" time="20.889"/>
  <system-out/>
  <testcase classname="com.banking.onlinebanking.practice.SoftAsser" name="validation" time="19.710"/>
  <system-out/>
</testsuite> <!-- com.banking.onlinebanking.practice.SoftAsser -->
