<?xml version="1.0" encoding="UTF-8"?>
<!-- Generated by org.testng.reporters.JUnitReportReporter -->
<testsuite hostname="DESKTOP-PB1D5VB" failures="0" tests="2" name="com.banking.onlinebanking.practice.TestngDataProvider" time="0.024" errors="0" timestamp="2023-08-11T10:45:42 IST" skipped="0">
  <testcase classname="com.banking.onlinebanking.practice.TestngDataProvider" name="dataprovider" time="0.019"/>
  <system-out/>
  <testcase classname="com.banking.onlinebanking.practice.TestngDataProvider" name="dataprovider" time="0.005"/>
  <system-out/>
</testsuite> <!-- com.banking.onlinebanking.practice.TestngDataProvider -->
