<?xml version="1.0" encoding="UTF-8"?>
<!-- Generated by org.testng.reporters.JUnitReportReporter -->
<testsuite hostname="DESKTOP-PB1D5VB" failures="0" tests="2" name="com.banking.onlinebanking.practice.Testng" time="0.040" errors="0" timestamp="2023-08-04T11:20:14 IST" skipped="0">
  <testcase classname="com.banking.onlinebanking.practice.Testng" name="update" time="0.005"/>
  <system-out/>
  <testcase classname="com.banking.onlinebanking.practice.Testng" name="delete" time="0.035"/>
  <system-out/>
</testsuite> <!-- com.banking.onlinebanking.practice.Testng -->
