<?xml version="1.0" encoding="UTF-8"?>
<!-- Generated by org.testng.reporters.JUnitReportReporter -->
<testsuite hostname="DESKTOP-PB1D5VB" failures="0" tests="7" name="com.banking.onlinebanking.practice.FetchDataFromExcel_Dataprovider" time="0.031" errors="0" timestamp="2023-08-04T16:24:00 IST" skipped="0">
  <testcase classname="com.banking.onlinebanking.practice.FetchDataFromExcel_Dataprovider" name="readdata" time="0.001"/>
  <system-out/>
  <testcase classname="com.banking.onlinebanking.practice.FetchDataFromExcel_Dataprovider" name="readdata" time="0.002"/>
  <system-out/>
  <testcase classname="com.banking.onlinebanking.practice.FetchDataFromExcel_Dataprovider" name="readdata" time="0.013"/>
  <system-out/>
  <testcase classname="com.banking.onlinebanking.practice.FetchDataFromExcel_Dataprovider" name="readdata" time="0.003"/>
  <system-out/>
  <testcase classname="com.banking.onlinebanking.practice.FetchDataFromExcel_Dataprovider" name="readdata" time="0.002"/>
  <system-out/>
  <testcase classname="com.banking.onlinebanking.practice.FetchDataFromExcel_Dataprovider" name="readdata" time="0.008"/>
  <system-out/>
  <testcase classname="com.banking.onlinebanking.practice.FetchDataFromExcel_Dataprovider" name="readdata" time="0.002"/>
  <system-out/>
</testsuite> <!-- com.banking.onlinebanking.practice.FetchDataFromExcel_Dataprovider -->
