<?xml version="1.0" encoding="UTF-8"?>
<!-- Generated by org.testng.reporters.JUnitReportReporter -->
<testsuite hostname="DESKTOP-PB1D5VB" failures="0" tests="4" name="com.banking.onlinebanking.practice.KureshTestng" time="0.028" errors="0" timestamp="2023-08-04T14:58:31 IST" skipped="0">
  <testcase classname="com.banking.onlinebanking.practice.KureshTestng" name="update" time="0.003"/>
  <system-out/>
  <testcase classname="com.banking.onlinebanking.practice.KureshTestng" name="delete" time="0.019"/>
  <system-out/>
  <testcase classname="com.banking.onlinebanking.practice.KureshTestng" name="create" time="0.002"/>
  <system-out/>
  <testcase classname="com.banking.onlinebanking.practice.KureshTestng" name="update" time="0.004"/>
  <system-out/>
</testsuite> <!-- com.banking.onlinebanking.practice.KureshTestng -->
